<?xml version="1.0" encoding="UTF-8"?>
<!-- Generated by org.testng.reporters.JUnitReportReporter -->
<testsuite skipped="0" hostname="mohammedathera" name="Test_Scripts.Calculator_testcase" tests="1" failures="0" timestamp="20 May 2020 21:50:15 GMT" time="12.976" errors="0">
  <testcase name="sum" time="12.976" classname="Test_Scripts.Calculator_testcase"/>
</testsuite> <!-- Test_Scripts.Calculator_testcase -->
